\BOOKMARK [-1][-]{part.1}{I\040Introduction\040to\040Statistics}{}% 1
\BOOKMARK [0][-]{chapter.1}{Introduction\040to\040Statistics}{part.1}% 2
\BOOKMARK [-1][-]{part.2}{II\040Probability\040Theory}{}% 3
\BOOKMARK [0][-]{chapter.2}{Introduction\040to\040probability\040theory}{part.2}% 4
\BOOKMARK [1][-]{section.2.1}{Definition\040of\040stochastic\040variable}{chapter.2}% 5
\BOOKMARK [1][-]{section.2.2}{Discrete\040stochastic\040variables}{chapter.2}% 6
\BOOKMARK [1][-]{section.2.3}{Continuous\040stochastic\040variables}{chapter.2}% 7
\BOOKMARK [2][-]{subsection.2.3.1}{Examples}{section.2.3}% 8
\BOOKMARK [3][-]{subsubsection*.3}{Normal distribution, N\(µ, σ2\)}{subsection.2.3.1}% 9
\BOOKMARK [3][-]{subsubsection*.4}{Chi-square, χN2}{subsection.2.3.1}% 10
\BOOKMARK [3][-]{subsubsection*.5}{Student-t distribution, tν}{subsection.2.3.1}% 11
\BOOKMARK [1][-]{section.2.4}{Multi-dimensional\040stochastic\040variables}{chapter.2}% 12
\BOOKMARK [2][-]{subsection.2.4.1}{Moments}{section.2.4}% 13
\BOOKMARK [2][-]{subsection.2.4.2}{Bayes’ theorem}{section.2.4}% 14
\BOOKMARK [2][-]{subsection.2.4.3}{Statistical\040independence}{section.2.4}% 15
\BOOKMARK [3][-]{subsubsection*.6}{Independence\040implies\040no\040correlation}{subsection.2.4.3}% 16
\BOOKMARK [1][-]{section.2.5}{Transformations\040of\040probability\040functions}{chapter.2}% 17
\BOOKMARK [1][-]{section.2.6}{Characteristic\040functions}{chapter.2}% 18
\BOOKMARK [1][-]{section.2.7}{Convergence\040in\040statistics}{chapter.2}% 19
\BOOKMARK [2][-]{subsection.2.7.1}{Convergence\040in\040distribution\040-\040weak\040convergence}{section.2.7}% 20
\BOOKMARK [2][-]{subsection.2.7.2}{Convergence\040in\040probability}{section.2.7}% 21
\BOOKMARK [2][-]{subsection.2.7.3}{Almost\040sure\040convergence\040-\040strong\040convergence}{section.2.7}% 22
\BOOKMARK [2][-]{subsection.2.7.4}{Sure\040convergence\040-\040pointwise\040convergence}{section.2.7}% 23
\BOOKMARK [2][-]{subsection.2.7.5}{Convergence in absolute moments: mean,…}{section.2.7}% 24
\BOOKMARK [1][-]{section.2.8}{Independent\040identically\040distributed\040random\040variables}{chapter.2}% 25
\BOOKMARK [2][-]{subsection.2.8.1}{Law\040of\040the\040large\040numbers}{section.2.8}% 26
\BOOKMARK [3][-]{subsubsection*.7}{Weak\040form}{subsection.2.8.1}% 27
\BOOKMARK [3][-]{subsubsection*.8}{Strong\040form}{subsection.2.8.1}% 28
\BOOKMARK [2][-]{subsection.2.8.2}{Central\040Limit\040Theorem}{section.2.8}% 29
\BOOKMARK [1][-]{section.2.9}{Heavy-tailed\040distributions}{chapter.2}% 30
\BOOKMARK [2][-]{subsection.2.9.1}{References}{section.2.9}% 31
\BOOKMARK [0][-]{chapter.3}{Stochastic\040processes}{part.2}% 32
\BOOKMARK [1][-]{section.3.1}{Wiener\040process\040-\040Brownian\040motion}{chapter.3}% 33
\BOOKMARK [2][-]{subsection.3.1.1}{Definition}{section.3.1}% 34
\BOOKMARK [2][-]{subsection.3.1.2}{Properties}{section.3.1}% 35
\BOOKMARK [1][-]{section.3.2}{White\040noise}{chapter.3}% 36
\BOOKMARK [1][-]{section.3.3}{Stochastic\040calculus}{chapter.3}% 37
\BOOKMARK [2][-]{subsection.3.3.1}{Ito’s lemma}{section.3.3}% 38
\BOOKMARK [2][-]{subsection.3.3.2}{Ito’s calculus}{section.3.3}% 39
\BOOKMARK [2][-]{subsection.3.3.3}{Ito\040processes}{section.3.3}% 40
\BOOKMARK [3][-]{subsubsection*.10}{Ito\040drift-diffusion\040process}{subsection.3.3.3}% 41
\BOOKMARK [3][-]{subsubsection*.11}{Geometric\040Brownian\040Motion}{subsection.3.3.3}% 42
\BOOKMARK [-1][-]{part.3}{III\040Statistical\040Inference}{}% 43
\BOOKMARK [0][-]{chapter.4}{Introduction\040to\040Statistical\040Inference}{part.3}% 44
\BOOKMARK [-1][-]{part.4}{IV\040Introduction\040to\040Machine\040Learning}{}% 45
\BOOKMARK [0][-]{chapter.5}{Introduction\040to\040Machine\040Learning}{part.4}% 46
\BOOKMARK [1][-]{section.5.1}{Models\040in\040Machine\040Learning}{chapter.5}% 47
\BOOKMARK [1][-]{section.5.2}{Good\040Practices\040in\040Machine\040Learning}{chapter.5}% 48
\BOOKMARK [0][-]{chapter.6}{Supervised\040Learning}{part.4}% 49
\BOOKMARK [1][-]{section.6.1}{SL:\040theory}{chapter.6}% 50
\BOOKMARK [0][-]{chapter.7}{Unsupervised\040Learning}{part.4}% 51
\BOOKMARK [0][-]{chapter.8}{Reinforcement\040Learning}{part.4}% 52
\BOOKMARK [0][-]{section*.14}{Proof\040Index}{part.4}% 53
